[2/4/2020 4:15:19 PM] ACTIVITY /activity/edit
[2/4/2020 4:20:30 PM] EDIT /edit
[2/4/2020 4:20:38 PM] ACTIVITY /activity
[2/4/2020 4:21:21 PM] EDIT /edit
[2/4/2020 4:21:48 PM] ACTIVITY /activity/edit
[2/4/2020 4:22:46 PM] EDIT /edit
[2/4/2020 4:23:25 PM] EDIT /edit
[2/4/2020 4:23:29 PM] ACTIVITY /activity
[2/4/2020 4:23:44 PM] EDIT /edit
[2/4/2020 4:24:52 PM] ACTIVITY /activity/edit
[2/4/2020 4:25:05 PM] ACTIVITY /activity
[2/4/2020 4:36:38 PM] ACTIVITY /activity/delete/7
[2/4/2020 4:36:44 PM] ACTIVITY /activity
[2/4/2020 4:37:47 PM] DONE /done/11
[2/4/2020 4:37:52 PM] ACTIVITY /activity
[2/4/2020 4:38:45 PM] ACTIVITY /activity/delete/7
[2/4/2020 4:38:53 PM] ACTIVITY /activity/done/11
[2/4/2020 4:38:56 PM] ACTIVITY /activity
[2/4/2020 4:40:43 PM] ACTIVITY /activity/undone/11
[2/4/2020 4:40:46 PM] ACTIVITY /activity
[2/4/2020 4:43:55 PM] ACTIVITY /activity/done/11
[2/4/2020 4:43:59 PM] ACTIVITY /activity
